Throughput:           		342230.80500 
AverageDelay:         		.29108 
Sent Packets:         		67770.50000 
Received Packets:         	22817.50000 
Dropped Packets:          	44753.50000 
PacketDeliveryRatio:      	33.67000 
PacketDropRatio:      		66.04000 
Total time:  					34.13668 


Total energy consumption:     473.17300 
Average Energy per bit:       .00004 
Average Energy per byte:      .00032 
Average energy per packet:    .02073 
total_retransmit:         	0 
energy_efficiency(nj/bit):    40502.000000000 

Throughput:           		341117.20000 
AverageDelay:         		.28892 
Sent Packets:         		67625.50000 
Received Packets:         	22889.00000 
Dropped Packets:          	44538.00000 
PacketDeliveryRatio:      	33.84500 
PacketDropRatio:      		65.86000 
Total time:  					34.35529 


Total energy consumption:     473.50450 
Average Energy per bit:       .00004 
Average Energy per byte:      .00032 
Average energy per packet:    .02069 
total_retransmit:         	0 
energy_efficiency(nj/bit):    40404.000000000 

Throughput:           		341529.43000 
AverageDelay:         		.28908 
Sent Packets:         		67928.50000 
Received Packets:         	22991.50000 
Dropped Packets:          	44738.00000 
PacketDeliveryRatio:      	33.84500 
PacketDropRatio:      		65.86500 
Total time:  					34.46750 


Total energy consumption:     473.91900 
Average Energy per bit:       .00004 
Average Energy per byte:      .00032 
Average energy per packet:    .02061 
total_retransmit:         	0 
energy_efficiency(nj/bit):    40259.000000000 

Throughput:           		342140.17000 
AverageDelay:         		.28958 
Sent Packets:         		67499.00000 
Received Packets:         	22835.50000 
Dropped Packets:          	44464.00000 
PacketDeliveryRatio:      	33.83000 
PacketDropRatio:      		65.87500 
Total time:  					34.17253 


Total energy consumption:     473.21700 
Average Energy per bit:       .00004 
Average Energy per byte:      .00032 
Average energy per packet:    .02072 
total_retransmit:         	0 
energy_efficiency(nj/bit):    40476.000000000 

Throughput:           		342615.84000 
AverageDelay:         		.28911 
Sent Packets:         		67759.00000 
Received Packets:         	22970.00000 
Dropped Packets:          	44590.00000 
PacketDeliveryRatio:      	33.90000 
PacketDropRatio:      		65.81000 
Total time:  					34.32603 


Total energy consumption:     473.79000 
Average Energy per bit:       .00004 
Average Energy per byte:      .00032 
Average energy per packet:    .02063 
total_retransmit:         	0 
energy_efficiency(nj/bit):    40286.000000000 

Throughput:           		341939.75000 
AverageDelay:         		.29064 
Sent Packets:         		67329.00000 
Received Packets:         	22697.00000 
Dropped Packets:          	44433.00000 
PacketDeliveryRatio:      	33.71000 
PacketDropRatio:      		65.99000 
Total time:  					33.98512 


Total energy consumption:     472.65100 
Average Energy per bit:       .00004 
Average Energy per byte:      .00033 
Average energy per packet:    .02082 
total_retransmit:         	0 
energy_efficiency(nj/bit):    40673.000000000 

Throughput:           		341458.01000 
AverageDelay:         		.29166 
Sent Packets:         		67912.00000 
Received Packets:         	22822.00000 
Dropped Packets:          	44891.00000 
PacketDeliveryRatio:      	33.61000 
PacketDropRatio:      		66.10000 
Total time:  					34.22050 


Total energy consumption:     473.22100 
Average Energy per bit:       .00004 
Average Energy per byte:      .00032 
Average energy per packet:    .02074 
total_retransmit:         	0 
energy_efficiency(nj/bit):    40499.000000000 

Throughput:           		337846.86000 
AverageDelay:         		.29318 
Sent Packets:         		102990.00000 
Received Packets:         	23095.00000 
Dropped Packets:          	79695.00000 
PacketDeliveryRatio:      	22.42000 
PacketDropRatio:      		77.38000 
Total time:  					35.00000 


Total energy consumption:     474.99700 
Average Energy per bit:       .00004 
Average Energy per byte:      .00032 
Average energy per packet:    .02057 
total_retransmit:         	0 
energy_efficiency(nj/bit):    40170.000000000 

Throughput:           		339836.34000 
AverageDelay:         		.29149 
Sent Packets:         		102703.00000 
Received Packets:         	23231.00000 
Dropped Packets:          	79271.00000 
PacketDeliveryRatio:      	22.62000 
PacketDropRatio:      		77.18000 
Total time:  					35.00000 


Total energy consumption:     475.36800 
Average Energy per bit:       .00004 
Average Energy per byte:      .00032 
Average energy per packet:    .02046 
total_retransmit:         	0 
energy_efficiency(nj/bit):    39966.000000000 

Throughput:           		341050.51000 
AverageDelay:         		.28718 
Sent Packets:         		102817.00000 
Received Packets:         	23314.00000 
Dropped Packets:          	79302.00000 
PacketDeliveryRatio:      	22.68000 
PacketDropRatio:      		77.13000 
Total time:  					35.00000 


Total energy consumption:     475.55000 
Average Energy per bit:       .00004 
Average Energy per byte:      .00032 
Average energy per packet:    .02040 
total_retransmit:         	0 
energy_efficiency(nj/bit):    39839.000000000 

Throughput:           		340480.00000 
AverageDelay:         		.28886 
Sent Packets:         		102889.00000 
Received Packets:         	23275.00000 
Dropped Packets:          	79412.00000 
PacketDeliveryRatio:      	22.62000 
PacketDropRatio:      		77.18000 
Total time:  					35.00000 


Total energy consumption:     475.49000 
Average Energy per bit:       .00004 
Average Energy per byte:      .00032 
Average energy per packet:    .02043 
total_retransmit:         	0 
energy_efficiency(nj/bit):    39901.000000000 

Throughput:           		317717.94000 
AverageDelay:         		.15403 
Sent Packets:         		102371.00000 
Received Packets:         	21719.00000 
Dropped Packets:          	80450.00000 
PacketDeliveryRatio:      	21.22000 
PacketDropRatio:      		78.59000 
Total time:  					35.00000 


Total energy consumption:     472.10400 
Average Energy per bit:       .00004 
Average Energy per byte:      .00034 
Average energy per packet:    .02174 
total_retransmit:         	0 
energy_efficiency(nj/bit):    42455.000000000 

Throughput:           		636810.97000 
AverageDelay:         		.00029 
Sent Packets:         		124165.00000 
Received Packets:         	43532.00000 
Dropped Packets:          	80513.00000 
PacketDeliveryRatio:      	35.06000 
PacketDropRatio:      		64.84000 
Total time:  					35.00000 


Total energy consumption:     25888174.45500 
Average Energy per bit:       1.16151 
Average Energy per byte:      9.29208 
Average energy per packet:    594.69297 
total_retransmit:         	0 
energy_efficiency(nj/bit):    1161509711.000000000 

