Throughput:           		0.0 
AverageDelay:         		0.0 
Sent Packets:         		0.0 
Received Packets:         	0.0 
Dropped Packets:          	0.0 
PacketDeliveryRatio:      	0.0 
PacketDropRatio:      		0.0 
Total time:  					0.0 


Total energy consumption:     0.0 
Average Energy per bit:       0.0 
Average Energy per byte:      0.0 
Average energy per packet:    0.0 
total_retransmit:         	0.0 
energy_efficiency(nj/bit):    0 

Throughput:           		0.0 
AverageDelay:         		0.0 
Sent Packets:         		0.0 
Received Packets:         	0.0 
Dropped Packets:          	0.0 
PacketDeliveryRatio:      	0.0 
PacketDropRatio:      		0.0 
Total time:  					0.0 


Total energy consumption:     0.0 
Average Energy per bit:       0.0 
Average Energy per byte:      0.0 
Average energy per packet:    0.0 
total_retransmit:         	0.0 
energy_efficiency(nj/bit):    0 

